CRF++: Yet Another CRF Tool Kit
Copyright (C) 2005-2013 Taku Kudo, All rights reserved.

reading training data: 100.. 200.. 300.. 400.. 500.. 600.. 700.. 800.. 900.. 1000.. 1100.. 1200.. 1300.. 1400.. 1500.. 1600.. 1700.. 1800.. 1900.. 2000.. 2100.. 2200.. 2300.. 2400.. 2500.. 2600.. 2700.. 2800.. 2900.. 3000.. 3100.. 3200.. 3300.. 3400.. 3500.. 3600.. 3700.. 3800.. 3900.. 4000.. 4100.. 4200.. 4300.. 4400.. 4500.. 4600.. 4700.. 4800.. 4900.. 5000.. 5100.. 5200.. 5300.. 5400.. 5500.. 5600.. 5700.. 5800.. 5900.. 6000.. 6100.. 6200.. 6300.. 6400.. 6500.. 6600.. 6700.. 6800.. 6900.. 7000.. 7100.. 7200.. 7300.. 7400.. 7500.. 7600.. 7700.. 7800.. 7900.. 8000.. 8100.. 8200.. 8300.. 8400.. 8500.. 8600.. 8700.. 8800.. 8900.. 9000.. 9100.. 9200.. 9300.. 9400.. 9500.. 9600.. 9700.. 9800.. 9900.. 10000.. 10100.. 10200.. 10300.. 10400.. 10500.. 10600.. 10700.. 10800.. 10900.. 11000.. 11100.. 11200.. 11300.. 11400.. 11500.. 11600.. 11700.. 11800.. 11900.. 12000.. 12100.. 12200.. 12300.. 12400.. 12500.. 12600.. 12700.. 12800.. 12900.. 13000.. 13100.. 13200.. 13300.. 13400.. 13500.. 13600.. 13700.. 13800.. 13900.. 14000.. 14100.. 14200.. 14300.. 14400.. 14500.. 14600.. 14700.. 14800.. 14900.. 15000.. 15100.. 15200.. 15300.. 15400.. 15500.. 
Done!16.26 s

Number of sentences: 15586
Number of features:  1528756
Number of thread(s): 8
Freq:                4
eta:                 0.00010
C:                   3.00000
shrinking size:      20
iter=0 terr=0.98787 serr=1.00000 act=1528756 obj=2055386.56193 diff=1.00000
iter=1 terr=0.03155 serr=0.44360 act=1528756 obj=812578.06076 diff=0.60466
iter=2 terr=0.03155 serr=0.44360 act=1528756 obj=266470.88400 diff=0.67207
iter=3 terr=0.03155 serr=0.44360 act=1528756 obj=253569.78600 diff=0.04841
iter=4 terr=0.03155 serr=0.44360 act=1528756 obj=205213.20527 diff=0.19070
iter=5 terr=0.65997 serr=0.99891 act=1528756 obj=5122368.60968 diff=23.96120
iter=6 terr=0.03155 serr=0.44360 act=1528756 obj=196365.10030 diff=0.96167
iter=7 terr=0.03155 serr=0.44360 act=1528756 obj=176380.57965 diff=0.10177
iter=8 terr=0.03155 serr=0.44360 act=1528756 obj=172761.22933 diff=0.02052
iter=9 terr=0.03155 serr=0.44360 act=1528756 obj=197849.10072 diff=0.14522
iter=10 terr=0.03155 serr=0.44360 act=1528756 obj=159017.73694 diff=0.19627
iter=11 terr=0.03155 serr=0.44360 act=1528756 obj=140783.46669 diff=0.11467
iter=12 terr=0.02955 serr=0.42230 act=1528756 obj=110255.99270 diff=0.21684
iter=13 terr=0.02937 serr=0.42083 act=1528756 obj=85839.92890 diff=0.22145
iter=14 terr=0.02742 serr=0.40960 act=1528756 obj=79836.66448 diff=0.06994
iter=15 terr=0.02791 serr=0.41152 act=1528756 obj=73611.25034 diff=0.07798
iter=16 terr=0.02731 serr=0.40876 act=1528756 obj=70173.73147 diff=0.04670
iter=17 terr=0.02638 serr=0.40312 act=1528756 obj=66056.90893 diff=0.05867
iter=18 terr=0.02505 serr=0.39786 act=1528756 obj=58524.74668 diff=0.11403
iter=19 terr=0.02273 serr=0.38522 act=1528756 obj=46762.08595 diff=0.20099
iter=20 terr=0.02097 serr=0.37226 act=1528756 obj=43576.46423 diff=0.06812
iter=21 terr=0.02254 serr=0.38464 act=1528756 obj=46270.06819 diff=0.06181
iter=22 terr=0.02128 serr=0.37348 act=1528756 obj=42616.93552 diff=0.07895
iter=23 terr=0.02092 serr=0.37052 act=1528756 obj=41967.13948 diff=0.01525
iter=24 terr=0.01898 serr=0.34974 act=1528756 obj=38444.14556 diff=0.08395
iter=25 terr=0.01765 serr=0.33164 act=1528756 obj=35167.93683 diff=0.08522
iter=26 terr=0.01638 serr=0.31682 act=1528756 obj=31273.32840 diff=0.11074
iter=27 terr=0.01504 serr=0.30226 act=1528756 obj=28731.28229 diff=0.08128
iter=28 terr=0.01481 serr=0.29879 act=1528756 obj=27715.74967 diff=0.03535
iter=29 terr=0.01446 serr=0.29424 act=1528756 obj=26651.42426 diff=0.03840
iter=30 terr=0.01281 serr=0.27396 act=1528756 obj=23853.37975 diff=0.10499
iter=31 terr=0.01271 serr=0.26909 act=1528756 obj=23212.76191 diff=0.02686
iter=32 terr=0.01254 serr=0.26344 act=1528756 obj=22845.47364 diff=0.01582
iter=33 terr=0.01228 serr=0.25780 act=1528756 obj=22282.90392 diff=0.02462
iter=34 terr=0.01252 serr=0.25632 act=1528756 obj=21111.85842 diff=0.05255
iter=35 terr=0.01145 serr=0.24586 act=1528756 obj=19937.40297 diff=0.05563
iter=36 terr=0.01100 serr=0.24124 act=1528756 obj=19520.41847 diff=0.02091
iter=37 terr=0.01082 serr=0.23887 act=1528756 obj=19236.12223 diff=0.01456
iter=38 terr=0.01082 serr=0.23515 act=1528756 obj=18676.25835 diff=0.02910
iter=39 terr=0.00997 serr=0.22783 act=1528756 obj=17543.21214 diff=0.06067
iter=40 terr=0.00979 serr=0.22366 act=1528756 obj=17075.46618 diff=0.02666
iter=41 terr=0.00908 serr=0.21224 act=1528756 obj=16406.86026 diff=0.03916
iter=42 terr=0.00899 serr=0.20923 act=1528756 obj=15296.58802 diff=0.06767
iter=43 terr=0.00889 serr=0.20781 act=1528756 obj=15149.84663 diff=0.00959
iter=44 terr=0.00863 serr=0.20377 act=1528756 obj=14701.19343 diff=0.02961
iter=45 terr=0.00814 serr=0.19582 act=1528756 obj=13977.88808 diff=0.04920
iter=46 terr=0.00773 serr=0.18825 act=1528756 obj=13709.11554 diff=0.01923
iter=47 terr=0.00756 serr=0.18273 act=1528756 obj=13119.78373 diff=0.04299
iter=48 terr=0.00740 serr=0.17875 act=1528756 obj=12883.23662 diff=0.01803
iter=49 terr=0.00727 serr=0.17727 act=1528756 obj=12722.84564 diff=0.01245
iter=50 terr=0.00700 serr=0.17047 act=1528756 obj=12419.85761 diff=0.02381
iter=51 terr=0.00692 serr=0.16977 act=1528756 obj=12311.97669 diff=0.00869
iter=52 terr=0.00684 serr=0.16881 act=1528756 obj=12212.68009 diff=0.00807
iter=53 terr=0.00672 serr=0.16656 act=1528756 obj=11895.34814 diff=0.02598
iter=54 terr=0.00657 serr=0.16374 act=1528756 obj=11721.17722 diff=0.01464
iter=55 terr=0.00636 serr=0.15944 act=1528756 obj=11165.20688 diff=0.04743
iter=56 terr=0.00621 serr=0.15681 act=1528756 obj=10989.53311 diff=0.01573
iter=57 terr=0.00605 serr=0.15540 act=1528756 obj=10823.20681 diff=0.01513
iter=58 terr=0.00593 serr=0.15180 act=1528756 obj=10619.21248 diff=0.01885
iter=59 terr=0.00581 serr=0.14943 act=1528756 obj=10440.64350 diff=0.01682
iter=60 terr=0.00561 serr=0.14519 act=1528756 obj=10024.37751 diff=0.03987
iter=61 terr=0.00709 serr=0.16694 act=1528756 obj=11208.21004 diff=0.11810
iter=62 terr=0.00565 serr=0.14667 act=1528756 obj=9936.16903 diff=0.11349
iter=63 terr=0.00560 serr=0.14500 act=1528756 obj=9820.58850 diff=0.01163
iter=64 terr=0.00538 serr=0.14057 act=1528756 obj=9543.08949 diff=0.02826
iter=65 terr=0.00520 serr=0.13512 act=1528756 obj=9241.48408 diff=0.03160
iter=66 terr=0.00460 serr=0.12652 act=1528756 obj=8872.95658 diff=0.03988
iter=67 terr=0.00458 serr=0.12441 act=1528756 obj=8721.29023 diff=0.01709
iter=68 terr=0.00455 serr=0.12409 act=1528756 obj=8679.65599 diff=0.00477
iter=69 terr=0.00441 serr=0.12126 act=1528756 obj=8581.29020 diff=0.01133
iter=70 terr=0.00421 serr=0.11728 act=1528756 obj=8337.07862 diff=0.02846
iter=71 terr=0.00481 serr=0.13037 act=1528756 obj=9188.64252 diff=0.10214
iter=72 terr=0.00409 serr=0.11465 act=1528756 obj=8252.58199 diff=0.10187
iter=73 terr=0.00397 serr=0.11241 act=1528756 obj=7954.32698 diff=0.03614
iter=74 terr=0.00382 serr=0.10965 act=1528756 obj=7863.75689 diff=0.01139
iter=75 terr=0.00376 serr=0.10830 act=1528756 obj=7800.13876 diff=0.00809
iter=76 terr=0.00375 serr=0.10670 act=1528756 obj=7689.49879 diff=0.01418
iter=77 terr=0.00368 serr=0.10400 act=1528756 obj=7469.37091 diff=0.02863
iter=78 terr=0.00353 serr=0.10086 act=1528756 obj=7205.78463 diff=0.03529
iter=79 terr=0.00348 serr=0.09849 act=1528756 obj=6902.19766 diff=0.04213
iter=80 terr=0.00407 serr=0.11279 act=1528756 obj=7985.73001 diff=0.15698
iter=81 terr=0.00332 serr=0.09598 act=1528756 obj=6829.97071 diff=0.14473
iter=82 terr=0.00326 serr=0.09348 act=1528756 obj=6735.71657 diff=0.01380
iter=83 terr=0.00309 serr=0.08931 act=1528756 obj=6552.54311 diff=0.02719
iter=84 terr=0.00298 serr=0.08726 act=1528756 obj=6469.60508 diff=0.01266
iter=85 terr=0.00283 serr=0.08411 act=1528756 obj=6306.59444 diff=0.02520
iter=86 terr=0.00271 serr=0.08161 act=1528756 obj=6116.31185 diff=0.03017
iter=87 terr=0.00285 serr=0.08392 act=1528756 obj=6340.06625 diff=0.03658
iter=88 terr=0.00248 serr=0.07757 act=1528756 obj=6039.92068 diff=0.04734
iter=89 terr=0.00245 serr=0.07609 act=1528756 obj=5901.44831 diff=0.02293
iter=90 terr=0.00239 serr=0.07468 act=1528756 obj=5838.88522 diff=0.01060
iter=91 terr=0.00236 serr=0.07340 act=1528756 obj=5794.52447 diff=0.00760
iter=92 terr=0.00225 serr=0.07154 act=1528756 obj=5728.12235 diff=0.01146
iter=93 terr=0.00215 serr=0.06878 act=1528756 obj=5630.12242 diff=0.01711
iter=94 terr=0.00272 serr=0.08200 act=1528756 obj=6401.16077 diff=0.13695
iter=95 terr=0.00209 serr=0.06820 act=1528756 obj=5608.86607 diff=0.12377
iter=96 terr=0.00205 serr=0.06602 act=1528756 obj=5550.72030 diff=0.01037
iter=97 terr=0.00228 serr=0.06916 act=1528756 obj=5730.15537 diff=0.03233
iter=98 terr=0.00201 serr=0.06519 act=1528756 obj=5518.95449 diff=0.03686
iter=99 terr=0.00196 serr=0.06333 act=1528756 obj=5479.52814 diff=0.00714
iter=100 terr=0.00189 serr=0.06243 act=1528756 obj=5412.98595 diff=0.01214
iter=101 terr=0.00176 serr=0.05973 act=1528756 obj=5309.94005 diff=0.01904
iter=102 terr=0.00180 serr=0.05980 act=1528756 obj=5284.81854 diff=0.00473
iter=103 terr=0.00170 serr=0.05697 act=1528756 obj=5223.91553 diff=0.01152
iter=104 terr=0.00168 serr=0.05640 act=1528756 obj=5192.77129 diff=0.00596
iter=105 terr=0.00163 serr=0.05511 act=1528756 obj=5172.17923 diff=0.00397
iter=106 terr=0.00160 serr=0.05422 act=1528756 obj=5129.10731 diff=0.00833
iter=107 terr=0.00186 serr=0.05980 act=1528756 obj=5349.73390 diff=0.04301
iter=108 terr=0.00154 serr=0.05235 act=1528756 obj=5105.57128 diff=0.04564
iter=109 terr=0.00157 serr=0.05229 act=1528756 obj=5064.56202 diff=0.00803
iter=110 terr=0.00153 serr=0.05094 act=1528756 obj=5033.89658 diff=0.00605
iter=111 terr=0.00144 serr=0.04895 act=1528756 obj=4964.25491 diff=0.01383
iter=112 terr=0.00139 serr=0.04786 act=1528756 obj=4934.74847 diff=0.00594
iter=113 terr=0.00127 serr=0.04433 act=1528756 obj=4895.36621 diff=0.00798
iter=114 terr=0.00126 serr=0.04389 act=1528756 obj=4886.67535 diff=0.00178
iter=115 terr=0.00123 serr=0.04331 act=1528756 obj=4857.11350 diff=0.00605
iter=116 terr=0.00181 serr=0.05351 act=1528756 obj=5380.79057 diff=0.10782
iter=117 terr=0.00121 serr=0.04267 act=1528756 obj=4849.06087 diff=0.09882
iter=118 terr=0.00117 serr=0.04190 act=1528756 obj=4834.30848 diff=0.00304
iter=119 terr=0.00116 serr=0.04087 act=1528756 obj=4802.98127 diff=0.00648
iter=120 terr=0.00127 serr=0.04376 act=1528756 obj=4831.77354 diff=0.00599
iter=121 terr=0.00115 serr=0.04081 act=1528756 obj=4795.08277 diff=0.00759
iter=122 terr=0.00116 serr=0.04093 act=1528756 obj=4782.09064 diff=0.00271
iter=123 terr=0.00114 serr=0.03997 act=1528756 obj=4752.98680 diff=0.00609
iter=124 terr=0.00110 serr=0.03869 act=1528756 obj=4714.63936 diff=0.00807
iter=125 terr=0.00102 serr=0.03657 act=1528756 obj=4682.28379 diff=0.00686
iter=126 terr=0.00096 serr=0.03420 act=1528756 obj=4651.12831 diff=0.00665
iter=127 terr=0.00089 serr=0.03266 act=1528756 obj=4617.69308 diff=0.00719
iter=128 terr=0.00082 serr=0.03080 act=1528756 obj=4592.12673 diff=0.00554
iter=129 terr=0.00079 serr=0.03009 act=1528756 obj=4575.32569 diff=0.00366
iter=130 terr=0.00079 serr=0.02964 act=1528756 obj=4556.83660 diff=0.00404
iter=131 terr=0.00080 serr=0.02939 act=1528756 obj=4548.47819 diff=0.00183
iter=132 terr=0.00081 serr=0.02983 act=1528756 obj=4541.66195 diff=0.00150
iter=133 terr=0.00081 serr=0.02977 act=1528756 obj=4529.39947 diff=0.00270
iter=134 terr=0.00080 serr=0.02932 act=1528756 obj=4498.96576 diff=0.00672
iter=135 terr=0.00075 serr=0.02727 act=1528756 obj=4472.33936 diff=0.00592
iter=136 terr=0.00076 serr=0.02714 act=1528756 obj=4454.93232 diff=0.00389
iter=137 terr=0.00075 serr=0.02688 act=1528756 obj=4448.08698 diff=0.00154
iter=138 terr=0.00073 serr=0.02643 act=1528756 obj=4439.82517 diff=0.00186
iter=139 terr=0.00070 serr=0.02560 act=1528756 obj=4425.73111 diff=0.00317
iter=140 terr=0.00066 serr=0.02521 act=1528756 obj=4394.61442 diff=0.00703
iter=141 terr=0.00063 serr=0.02419 act=1528756 obj=4361.72255 diff=0.00748
iter=142 terr=0.00129 serr=0.03920 act=1528756 obj=4868.82711 diff=0.11626
iter=143 terr=0.00063 serr=0.02368 act=1528756 obj=4357.38006 diff=0.10505
iter=144 terr=0.00061 serr=0.02316 act=1528756 obj=4332.92713 diff=0.00561
iter=145 terr=0.00060 serr=0.02278 act=1528756 obj=4324.33794 diff=0.00198
iter=146 terr=0.00058 serr=0.02233 act=1528756 obj=4309.61058 diff=0.00341
iter=147 terr=0.00060 serr=0.02297 act=1528756 obj=4298.86003 diff=0.00249
iter=148 terr=0.00060 serr=0.02239 act=1528756 obj=4285.74830 diff=0.00305
iter=149 terr=0.00058 serr=0.02188 act=1528756 obj=4262.83934 diff=0.00535
iter=150 terr=0.00073 serr=0.02554 act=1528756 obj=4328.73299 diff=0.01546
iter=151 terr=0.00059 serr=0.02169 act=1528756 obj=4250.74921 diff=0.01802
iter=152 terr=0.00058 serr=0.02169 act=1528756 obj=4225.18356 diff=0.00601
iter=153 terr=0.00057 serr=0.02124 act=1528756 obj=4215.65377 diff=0.00226
iter=154 terr=0.00057 serr=0.02143 act=1528756 obj=4207.60730 diff=0.00191
iter=155 terr=0.00055 serr=0.02079 act=1528756 obj=4195.09712 diff=0.00297
iter=156 terr=0.00054 serr=0.02034 act=1528756 obj=4188.04228 diff=0.00168
iter=157 terr=0.00052 serr=0.01944 act=1528756 obj=4176.49282 diff=0.00276
iter=158 terr=0.00052 serr=0.01976 act=1528756 obj=4164.34782 diff=0.00291
iter=159 terr=0.00053 serr=0.01970 act=1528756 obj=4157.68384 diff=0.00160
iter=160 terr=0.00051 serr=0.01931 act=1528756 obj=4146.77255 diff=0.00262
iter=161 terr=0.00051 serr=0.01931 act=1528756 obj=4140.42024 diff=0.00153
iter=162 terr=0.00052 serr=0.01970 act=1528756 obj=4135.27222 diff=0.00124
iter=163 terr=0.00053 serr=0.01950 act=1528756 obj=4142.77803 diff=0.00182
iter=164 terr=0.00052 serr=0.01944 act=1528756 obj=4130.36993 diff=0.00300
iter=165 terr=0.00051 serr=0.01886 act=1528756 obj=4121.96301 diff=0.00204
iter=166 terr=0.00050 serr=0.01873 act=1528756 obj=4116.09734 diff=0.00142
iter=167 terr=0.00051 serr=0.01867 act=1528756 obj=4107.61061 diff=0.00206
iter=168 terr=0.00049 serr=0.01796 act=1528756 obj=4095.97909 diff=0.00283
iter=169 terr=0.00051 serr=0.01809 act=1528756 obj=4094.97961 diff=0.00024
iter=170 terr=0.00048 serr=0.01758 act=1528756 obj=4085.76688 diff=0.00225
iter=171 terr=0.00048 serr=0.01784 act=1528756 obj=4076.77847 diff=0.00220
iter=172 terr=0.00048 serr=0.01790 act=1528756 obj=4070.80111 diff=0.00147
iter=173 terr=0.00046 serr=0.01732 act=1528756 obj=4062.22161 diff=0.00211
iter=174 terr=0.00044 serr=0.01687 act=1528756 obj=4056.73073 diff=0.00135
iter=175 terr=0.00045 serr=0.01687 act=1528756 obj=4048.14483 diff=0.00212
iter=176 terr=0.00043 serr=0.01630 act=1528756 obj=4040.24057 diff=0.00195
iter=177 terr=0.00044 serr=0.01707 act=1528756 obj=4053.55549 diff=0.00330
iter=178 terr=0.00043 serr=0.01623 act=1528756 obj=4036.08432 diff=0.00431
iter=179 terr=0.00043 serr=0.01642 act=1528756 obj=4028.39760 diff=0.00190
iter=180 terr=0.00043 serr=0.01623 act=1528756 obj=4023.02162 diff=0.00133
iter=181 terr=0.00042 serr=0.01585 act=1528756 obj=4017.89206 diff=0.00128
iter=182 terr=0.00041 serr=0.01566 act=1528756 obj=4012.64565 diff=0.00131
iter=183 terr=0.00039 serr=0.01514 act=1528756 obj=3998.76013 diff=0.00346
iter=184 terr=0.00045 serr=0.01617 act=1528756 obj=4042.94525 diff=0.01105
iter=185 terr=0.00039 serr=0.01476 act=1528756 obj=3995.06298 diff=0.01184
iter=186 terr=0.00037 serr=0.01450 act=1528756 obj=3986.95289 diff=0.00203
iter=187 terr=0.00037 serr=0.01405 act=1528756 obj=3979.26627 diff=0.00193
iter=188 terr=0.00038 serr=0.01450 act=1528756 obj=3975.12520 diff=0.00104
iter=189 terr=0.00036 serr=0.01392 act=1528756 obj=3967.78631 diff=0.00185
iter=190 terr=0.00037 serr=0.01399 act=1528756 obj=3962.04673 diff=0.00145
iter=191 terr=0.00036 serr=0.01373 act=1528756 obj=3955.70372 diff=0.00160
iter=192 terr=0.00039 serr=0.01431 act=1528756 obj=3961.06176 diff=0.00135
iter=193 terr=0.00037 serr=0.01399 act=1528756 obj=3952.93882 diff=0.00205
iter=194 terr=0.00036 serr=0.01379 act=1528756 obj=3949.94191 diff=0.00076
iter=195 terr=0.00035 serr=0.01354 act=1528756 obj=3946.30161 diff=0.00092
iter=196 terr=0.00035 serr=0.01347 act=1528756 obj=3942.69554 diff=0.00091
iter=197 terr=0.00035 serr=0.01373 act=1528756 obj=3941.88909 diff=0.00020
iter=198 terr=0.00034 serr=0.01341 act=1528756 obj=3939.97458 diff=0.00049
iter=199 terr=0.00035 serr=0.01347 act=1528756 obj=3936.60427 diff=0.00086
iter=200 terr=0.00043 serr=0.01559 act=1528756 obj=3985.30457 diff=0.01237
iter=201 terr=0.00036 serr=0.01360 act=1528756 obj=3934.87155 diff=0.01265
iter=202 terr=0.00036 serr=0.01386 act=1528756 obj=3930.78584 diff=0.00104
iter=203 terr=0.00035 serr=0.01360 act=1528756 obj=3923.87160 diff=0.00176
iter=204 terr=0.00035 serr=0.01341 act=1528756 obj=3919.80744 diff=0.00104
iter=205 terr=0.00042 serr=0.01585 act=1528756 obj=3976.26916 diff=0.01440
iter=206 terr=0.00035 serr=0.01367 act=1528756 obj=3918.10957 diff=0.01463
iter=207 terr=0.00035 serr=0.01347 act=1528756 obj=3914.37505 diff=0.00095
iter=208 terr=0.00036 serr=0.01347 act=1528756 obj=3912.10743 diff=0.00058
iter=209 terr=0.00036 serr=0.01367 act=1528756 obj=3910.27662 diff=0.00047
iter=210 terr=0.00036 serr=0.01379 act=1528756 obj=3905.84208 diff=0.00113
iter=211 terr=0.00035 serr=0.01341 act=1528756 obj=3900.05696 diff=0.00148
iter=212 terr=0.00041 serr=0.01533 act=1528756 obj=3953.54695 diff=0.01372
iter=213 terr=0.00035 serr=0.01341 act=1528756 obj=3898.88840 diff=0.01383
iter=214 terr=0.00035 serr=0.01322 act=1528756 obj=3895.14678 diff=0.00096
iter=215 terr=0.00035 serr=0.01315 act=1528756 obj=3891.88075 diff=0.00084
iter=216 terr=0.00034 serr=0.01277 act=1528756 obj=3888.59589 diff=0.00084
iter=217 terr=0.00034 serr=0.01296 act=1528756 obj=3887.07078 diff=0.00039
iter=218 terr=0.00033 serr=0.01251 act=1528756 obj=3882.59801 diff=0.00115
iter=219 terr=0.00033 serr=0.01264 act=1528756 obj=3876.63363 diff=0.00154
iter=220 terr=0.00038 serr=0.01412 act=1528756 obj=3893.86485 diff=0.00444
iter=221 terr=0.00034 serr=0.01296 act=1528756 obj=3874.51931 diff=0.00497
iter=222 terr=0.00033 serr=0.01270 act=1528756 obj=3871.99698 diff=0.00065
iter=223 terr=0.00033 serr=0.01264 act=1528756 obj=3870.57472 diff=0.00037
iter=224 terr=0.00033 serr=0.01251 act=1528756 obj=3868.65435 diff=0.00050
iter=225 terr=0.00033 serr=0.01290 act=1528756 obj=3865.50613 diff=0.00081
iter=226 terr=0.00032 serr=0.01238 act=1528756 obj=3861.01754 diff=0.00116
iter=227 terr=0.00031 serr=0.01219 act=1528756 obj=3858.81664 diff=0.00057
iter=228 terr=0.00031 serr=0.01232 act=1528756 obj=3857.30687 diff=0.00039
iter=229 terr=0.00032 serr=0.01225 act=1528756 obj=3853.74250 diff=0.00092
iter=230 terr=0.00032 serr=0.01213 act=1528756 obj=3853.28022 diff=0.00012
iter=231 terr=0.00032 serr=0.01206 act=1528756 obj=3851.15190 diff=0.00055
iter=232 terr=0.00032 serr=0.01206 act=1528756 obj=3848.88679 diff=0.00059
iter=233 terr=0.00033 serr=0.01232 act=1528756 obj=3841.69603 diff=0.00187
iter=234 terr=0.00033 serr=0.01264 act=1528756 obj=3842.19011 diff=0.00013
iter=235 terr=0.00032 serr=0.01206 act=1528756 obj=3840.36643 diff=0.00047
iter=236 terr=0.00032 serr=0.01238 act=1528756 obj=3837.98667 diff=0.00062
iter=237 terr=0.00032 serr=0.01238 act=1528756 obj=3835.35864 diff=0.00068
iter=238 terr=0.00033 serr=0.01258 act=1528756 obj=3833.35342 diff=0.00052
iter=239 terr=0.00033 serr=0.01270 act=1528756 obj=3847.49120 diff=0.00369
iter=240 terr=0.00033 serr=0.01277 act=1528756 obj=3832.42262 diff=0.00392
iter=241 terr=0.00032 serr=0.01225 act=1528756 obj=3830.44236 diff=0.00052
iter=242 terr=0.00031 serr=0.01206 act=1528756 obj=3828.12599 diff=0.00060
iter=243 terr=0.00031 serr=0.01213 act=1528756 obj=3826.23270 diff=0.00049
iter=244 terr=0.00031 serr=0.01193 act=1528756 obj=3822.36095 diff=0.00101
iter=245 terr=0.00033 serr=0.01245 act=1528756 obj=3823.94613 diff=0.00041
iter=246 terr=0.00032 serr=0.01225 act=1528756 obj=3819.12698 diff=0.00126
iter=247 terr=0.00032 serr=0.01200 act=1528756 obj=3816.12087 diff=0.00079
iter=248 terr=0.00031 serr=0.01174 act=1528756 obj=3814.57019 diff=0.00041
iter=249 terr=0.00031 serr=0.01181 act=1528756 obj=3813.15206 diff=0.00037
iter=250 terr=0.00030 serr=0.01155 act=1528756 obj=3811.83051 diff=0.00035
iter=251 terr=0.00030 serr=0.01168 act=1528756 obj=3808.87504 diff=0.00078
iter=252 terr=0.00030 serr=0.01136 act=1528756 obj=3806.60514 diff=0.00060
iter=253 terr=0.00029 serr=0.01110 act=1528756 obj=3814.70567 diff=0.00213
iter=254 terr=0.00030 serr=0.01136 act=1528756 obj=3805.77036 diff=0.00234
iter=255 terr=0.00030 serr=0.01148 act=1528756 obj=3803.94330 diff=0.00048
iter=256 terr=0.00029 serr=0.01136 act=1528756 obj=3802.82233 diff=0.00029
iter=257 terr=0.00029 serr=0.01116 act=1528756 obj=3801.47194 diff=0.00036
iter=258 terr=0.00028 serr=0.01104 act=1528756 obj=3799.78726 diff=0.00044
iter=259 terr=0.00028 serr=0.01097 act=1528756 obj=3798.50140 diff=0.00034
iter=260 terr=0.00028 serr=0.01091 act=1528756 obj=3797.08086 diff=0.00037
iter=261 terr=0.00028 serr=0.01091 act=1528756 obj=3796.13451 diff=0.00025
iter=262 terr=0.00027 serr=0.01071 act=1528756 obj=3792.87526 diff=0.00086
iter=263 terr=0.00027 serr=0.01059 act=1528756 obj=3792.09645 diff=0.00021
iter=264 terr=0.00028 serr=0.01078 act=1528756 obj=3788.08038 diff=0.00106
iter=265 terr=0.00028 serr=0.01091 act=1528756 obj=3786.16761 diff=0.00050
iter=266 terr=0.00027 serr=0.01065 act=1528756 obj=3786.24973 diff=0.00002
iter=267 terr=0.00027 serr=0.01071 act=1528756 obj=3784.94670 diff=0.00034
iter=268 terr=0.00027 serr=0.01046 act=1528756 obj=3782.89027 diff=0.00054
iter=269 terr=0.00027 serr=0.01059 act=1528756 obj=3782.08426 diff=0.00021
iter=270 terr=0.00027 serr=0.01065 act=1528756 obj=3781.05814 diff=0.00027
iter=271 terr=0.00027 serr=0.01065 act=1528756 obj=3780.20761 diff=0.00022
iter=272 terr=0.00027 serr=0.01059 act=1528756 obj=3777.52437 diff=0.00071
iter=273 terr=0.00027 serr=0.01033 act=1528756 obj=3780.19151 diff=0.00071
iter=274 terr=0.00026 serr=0.01014 act=1528756 obj=3776.72127 diff=0.00092
iter=275 terr=0.00027 serr=0.01039 act=1528756 obj=3775.13599 diff=0.00042
iter=276 terr=0.00027 serr=0.01059 act=1528756 obj=3774.27569 diff=0.00023
iter=277 terr=0.00027 serr=0.01046 act=1528756 obj=3773.20239 diff=0.00028
iter=278 terr=0.00027 serr=0.01046 act=1528756 obj=3772.41990 diff=0.00021
iter=279 terr=0.00027 serr=0.01039 act=1528756 obj=3771.89957 diff=0.00014
iter=280 terr=0.00027 serr=0.01039 act=1528756 obj=3771.24272 diff=0.00017
iter=281 terr=0.00026 serr=0.01027 act=1528756 obj=3769.80647 diff=0.00038
iter=282 terr=0.00027 serr=0.01033 act=1528756 obj=3796.64036 diff=0.00712
iter=283 terr=0.00026 serr=0.01020 act=1528756 obj=3769.39308 diff=0.00718
iter=284 terr=0.00026 serr=0.01020 act=1528756 obj=3768.19135 diff=0.00032
iter=285 terr=0.00026 serr=0.01020 act=1528756 obj=3767.15146 diff=0.00028
iter=286 terr=0.00026 serr=0.01001 act=1528756 obj=3766.33573 diff=0.00022
iter=287 terr=0.00025 serr=0.00988 act=1528756 obj=3765.36661 diff=0.00026
iter=288 terr=0.00025 serr=0.00962 act=1528756 obj=3764.80323 diff=0.00015
iter=289 terr=0.00026 serr=0.00994 act=1528756 obj=3765.91277 diff=0.00029
iter=290 terr=0.00025 serr=0.00956 act=1528756 obj=3764.38024 diff=0.00041
iter=291 terr=0.00025 serr=0.00975 act=1528756 obj=3763.81877 diff=0.00015
iter=292 terr=0.00025 serr=0.00982 act=1528756 obj=3763.24210 diff=0.00015
iter=293 terr=0.00025 serr=0.00969 act=1528756 obj=3762.54845 diff=0.00018
iter=294 terr=0.00025 serr=0.00969 act=1528756 obj=3761.61271 diff=0.00025
iter=295 terr=0.00024 serr=0.00962 act=1528756 obj=3760.60043 diff=0.00027
iter=296 terr=0.00025 serr=0.00982 act=1528756 obj=3760.05822 diff=0.00014
iter=297 terr=0.00025 serr=0.00975 act=1528756 obj=3759.11489 diff=0.00025
iter=298 terr=0.00025 serr=0.00982 act=1528756 obj=3758.78658 diff=0.00009
iter=299 terr=0.00024 serr=0.00956 act=1528756 obj=3757.99476 diff=0.00021
iter=300 terr=0.00024 serr=0.00962 act=1528756 obj=3757.34130 diff=0.00017
iter=301 terr=0.00025 serr=0.00962 act=1528756 obj=3756.33897 diff=0.00027
iter=302 terr=0.00027 serr=0.00994 act=1528756 obj=3760.24692 diff=0.00104
iter=303 terr=0.00025 serr=0.00956 act=1528756 obj=3755.68708 diff=0.00121
iter=304 terr=0.00025 serr=0.00962 act=1528756 obj=3756.46479 diff=0.00021
iter=305 terr=0.00024 serr=0.00950 act=1528756 obj=3755.09386 diff=0.00036
iter=306 terr=0.00025 serr=0.00950 act=1528756 obj=3754.38913 diff=0.00019
iter=307 terr=0.00025 serr=0.00950 act=1528756 obj=3754.14180 diff=0.00007
iter=308 terr=0.00024 serr=0.00943 act=1528756 obj=3753.76818 diff=0.00010
iter=309 terr=0.00025 serr=0.00950 act=1528756 obj=3753.02445 diff=0.00020
iter=310 terr=0.00025 serr=0.00962 act=1528756 obj=3751.66301 diff=0.00036
iter=311 terr=0.00026 serr=0.00969 act=1528756 obj=3756.44116 diff=0.00127
iter=312 terr=0.00025 serr=0.00950 act=1528756 obj=3751.54501 diff=0.00130
iter=313 terr=0.00025 serr=0.00962 act=1528756 obj=3751.26242 diff=0.00008
iter=314 terr=0.00025 serr=0.00962 act=1528756 obj=3750.80258 diff=0.00012
iter=315 terr=0.00025 serr=0.00962 act=1528756 obj=3750.47763 diff=0.00009
iter=316 terr=0.00025 serr=0.00962 act=1528756 obj=3750.29240 diff=0.00005
iter=317 terr=0.00024 serr=0.00937 act=1528756 obj=3749.27872 diff=0.00027
iter=318 terr=0.00024 serr=0.00924 act=1528756 obj=3748.82355 diff=0.00012
iter=319 terr=0.00024 serr=0.00924 act=1528756 obj=3748.44389 diff=0.00010
iter=320 terr=0.00024 serr=0.00930 act=1528756 obj=3748.27352 diff=0.00005
iter=321 terr=0.00024 serr=0.00930 act=1528756 obj=3748.14122 diff=0.00004
iter=322 terr=0.00024 serr=0.00924 act=1528756 obj=3747.89558 diff=0.00007

Done!1529.01 s

